{"/Users/fabriziobertoglio/Documents/sourcecode/ReactNative/SurfApp/app/components/buttons/FlagButton.js": {"path":"/Users/fabriziobertoglio/Documents/sourcecode/ReactNative/SurfApp/app/components/buttons/FlagButton.js","statementMap":{"0":{"start":{"line":6,"column":2},"end":{"line":17,"column":3}},"1":{"start":{"line":20,"column":15},"end":{"line":36,"column":2}}},"fnMap":{"0":{"name":"FlagButton","decl":{"start":{"line":5,"column":24},"end":{"line":5,"column":34}},"loc":{"start":{"line":5,"column":53},"end":{"line":18,"column":1}},"line":5}},"branchMap":{},"s":{"0":0,"1":1},"f":{"0":0},"b":{},"_coverageSchema":"43e27e138ebf9cfc5966b082cf9a028302ed4184","hash":"4842ba4a9224c851d81e716746996706545a2991"}
,"/Users/fabriziobertoglio/Documents/sourcecode/ReactNative/SurfApp/app/components/buttons/MenuButton.js": {"path":"/Users/fabriziobertoglio/Documents/sourcecode/ReactNative/SurfApp/app/components/buttons/MenuButton.js","statementMap":{"0":{"start":{"line":7,"column":30},"end":{"line":7,"column":40}},"1":{"start":{"line":8,"column":4},"end":{"line":18,"column":5}},"2":{"start":{"line":22,"column":15},"end":{"line":39,"column":2}}},"fnMap":{"0":{"name":"(anonymous_0)","decl":{"start":{"line":6,"column":2},"end":{"line":6,"column":3}},"loc":{"start":{"line":6,"column":11},"end":{"line":19,"column":3}},"line":6}},"branchMap":{},"s":{"0":2,"1":2,"2":1},"f":{"0":2},"b":{},"_coverageSchema":"43e27e138ebf9cfc5966b082cf9a028302ed4184","hash":"fd891941a6e07bd569706c80745666991e4c1423"}
,"/Users/fabriziobertoglio/Documents/sourcecode/ReactNative/SurfApp/app/components/forecast/Swell.js": {"path":"/Users/fabriziobertoglio/Documents/sourcecode/ReactNative/SurfApp/app/components/forecast/Swell.js","statementMap":{"0":{"start":{"line":7,"column":29},"end":{"line":7,"column":39}},"1":{"start":{"line":8,"column":4},"end":{"line":12,"column":5}}},"fnMap":{"0":{"name":"(anonymous_0)","decl":{"start":{"line":6,"column":2},"end":{"line":6,"column":3}},"loc":{"start":{"line":6,"column":11},"end":{"line":13,"column":3}},"line":6}},"branchMap":{},"s":{"0":2,"1":2},"f":{"0":2},"b":{},"_coverageSchema":"43e27e138ebf9cfc5966b082cf9a028302ed4184","hash":"a890b4afd20c033967d0f9f27383350a42358235"}
,"/Users/fabriziobertoglio/Documents/sourcecode/ReactNative/SurfApp/app/components/forecast/Wind.js": {"path":"/Users/fabriziobertoglio/Documents/sourcecode/ReactNative/SurfApp/app/components/forecast/Wind.js","statementMap":{"0":{"start":{"line":8,"column":29},"end":{"line":8,"column":39}},"1":{"start":{"line":9,"column":4},"end":{"line":15,"column":5}}},"fnMap":{"0":{"name":"(anonymous_0)","decl":{"start":{"line":7,"column":2},"end":{"line":7,"column":3}},"loc":{"start":{"line":7,"column":11},"end":{"line":16,"column":3}},"line":7}},"branchMap":{},"s":{"0":2,"1":2},"f":{"0":2},"b":{},"_coverageSchema":"43e27e138ebf9cfc5966b082cf9a028302ed4184","hash":"d64f89da84582edde9be666f20ee3f51c5422124"}
,"/Users/fabriziobertoglio/Documents/sourcecode/ReactNative/SurfApp/app/components/forecast/styles.js": {"path":"/Users/fabriziobertoglio/Documents/sourcecode/ReactNative/SurfApp/app/components/forecast/styles.js","statementMap":{"0":{"start":{"line":3,"column":22},"end":{"line":24,"column":2}}},"fnMap":{},"branchMap":{},"s":{"0":2},"f":{},"b":{},"_coverageSchema":"43e27e138ebf9cfc5966b082cf9a028302ed4184","hash":"ff1870a429b0273e71e95d669e2ff2df498d9a03"}
,"/Users/fabriziobertoglio/Documents/sourcecode/ReactNative/SurfApp/app/components/icons/Arrow.js": {"path":"/Users/fabriziobertoglio/Documents/sourcecode/ReactNative/SurfApp/app/components/icons/Arrow.js","statementMap":{"0":{"start":{"line":6,"column":42},"end":{"line":6,"column":52}},"1":{"start":{"line":7,"column":25},"end":{"line":7,"column":32}},"2":{"start":{"line":8,"column":25},"end":{"line":8,"column":41}},"3":{"start":{"line":9,"column":27},"end":{"line":9,"column":59}},"4":{"start":{"line":10,"column":22},"end":{"line":10,"column":66}},"5":{"start":{"line":11,"column":4},"end":{"line":20,"column":5}},"6":{"start":{"line":24,"column":22},"end":{"line":29,"column":2}}},"fnMap":{"0":{"name":"(anonymous_0)","decl":{"start":{"line":5,"column":2},"end":{"line":5,"column":3}},"loc":{"start":{"line":5,"column":11},"end":{"line":21,"column":3}},"line":5}},"branchMap":{"0":{"loc":{"start":{"line":9,"column":27},"end":{"line":9,"column":59}},"type":"cond-expr","locations":[{"start":{"line":9,"column":38},"end":{"line":9,"column":47}},{"start":{"line":9,"column":50},"end":{"line":9,"column":59}}],"line":9},"1":{"loc":{"start":{"line":10,"column":22},"end":{"line":10,"column":66}},"type":"cond-expr","locations":[{"start":{"line":10,"column":37},"end":{"line":10,"column":51}},{"start":{"line":10,"column":54},"end":{"line":10,"column":66}}],"line":10}},"s":{"0":0,"1":0,"2":0,"3":0,"4":0,"5":0,"6":1},"f":{"0":0},"b":{"0":[0,0],"1":[0,0]},"_coverageSchema":"43e27e138ebf9cfc5966b082cf9a028302ed4184","hash":"5fc5fb026232f341d02d3fc5faa297fb62e8d4a6"}
,"/Users/fabriziobertoglio/Documents/sourcecode/ReactNative/SurfApp/app/components/index/Hourly.js": {"path":"/Users/fabriziobertoglio/Documents/sourcecode/ReactNative/SurfApp/app/components/index/Hourly.js","statementMap":{"0":{"start":{"line":12,"column":24},"end":{"line":15,"column":3}},"1":{"start":{"line":18,"column":4},"end":{"line":18,"column":16}},"2":{"start":{"line":19,"column":4},"end":{"line":19,"column":35}},"3":{"start":{"line":22,"column":16},"end":{"line":25,"column":3}},"4":{"start":{"line":23,"column":46},"end":{"line":23,"column":56}},"5":{"start":{"line":24,"column":4},"end":{"line":24,"column":54}},"6":{"start":{"line":28,"column":4},"end":{"line":45,"column":5}},"7":{"start":{"line":49,"column":41},"end":{"line":49,"column":51}},"8":{"start":{"line":50,"column":24},"end":{"line":50,"column":34}},"9":{"start":{"line":51,"column":25},"end":{"line":51,"column":29}},"10":{"start":{"line":52,"column":22},"end":{"line":52,"column":48}},"11":{"start":{"line":53,"column":58},"end":{"line":53,"column":66}},"12":{"start":{"line":54,"column":25},"end":{"line":54,"column":29}},"13":{"start":{"line":55,"column":17},"end":{"line":55,"column":51}},"14":{"start":{"line":57,"column":4},"end":{"line":75,"column":5}},"15":{"start":{"line":79,"column":18},"end":{"line":79,"column":39}},"16":{"start":{"line":80,"column":22},"end":{"line":88,"column":2}}},"fnMap":{"0":{"name":"(anonymous_0)","decl":{"start":{"line":17,"column":2},"end":{"line":17,"column":3}},"loc":{"start":{"line":17,"column":21},"end":{"line":20,"column":3}},"line":17},"1":{"name":"(anonymous_1)","decl":{"start":{"line":22,"column":16},"end":{"line":22,"column":17}},"loc":{"start":{"line":22,"column":22},"end":{"line":25,"column":3}},"line":22},"2":{"name":"(anonymous_2)","decl":{"start":{"line":27,"column":2},"end":{"line":27,"column":3}},"loc":{"start":{"line":27,"column":21},"end":{"line":46,"column":3}},"line":27},"3":{"name":"(anonymous_3)","decl":{"start":{"line":48,"column":2},"end":{"line":48,"column":3}},"loc":{"start":{"line":48,"column":11},"end":{"line":76,"column":3}},"line":48}},"branchMap":{"0":{"loc":{"start":{"line":52,"column":22},"end":{"line":52,"column":48}},"type":"cond-expr","locations":[{"start":{"line":52,"column":33},"end":{"line":52,"column":38}},{"start":{"line":52,"column":41},"end":{"line":52,"column":48}}],"line":52},"1":{"loc":{"start":{"line":72,"column":12},"end":{"line":72,"column":47}},"type":"binary-expr","locations":[{"start":{"line":72,"column":12},"end":{"line":72,"column":20}},{"start":{"line":72,"column":24},"end":{"line":72,"column":47}}],"line":72},"2":{"loc":{"start":{"line":83,"column":9},"end":{"line":83,"column":27}},"type":"cond-expr","locations":[{"start":{"line":83,"column":21},"end":{"line":83,"column":22}},{"start":{"line":83,"column":25},"end":{"line":83,"column":27}}],"line":83}},"s":{"0":1,"1":3,"2":3,"3":3,"4":0,"5":0,"6":1,"7":3,"8":3,"9":3,"10":3,"11":3,"12":3,"13":3,"14":3,"15":1,"16":1},"f":{"0":3,"1":0,"2":1,"3":3},"b":{"0":[0,3],"1":[3,1],"2":[0,1]},"_coverageSchema":"43e27e138ebf9cfc5966b082cf9a028302ed4184","hash":"7a52637be713ca38751573058b06386cbb55eb17"}
,"/Users/fabriziobertoglio/Documents/sourcecode/ReactNative/SurfApp/app/lib/api.js": {"path":"/Users/fabriziobertoglio/Documents/sourcecode/ReactNative/SurfApp/app/lib/api.js","statementMap":{"0":{"start":{"line":8,"column":4},"end":{"line":8,"column":28}},"1":{"start":{"line":11,"column":15},"end":{"line":18,"column":3}},"2":{"start":{"line":12,"column":19},"end":{"line":12,"column":57}},"3":{"start":{"line":13,"column":4},"end":{"line":16,"column":5}},"4":{"start":{"line":17,"column":4},"end":{"line":17,"column":17}},"5":{"start":{"line":20,"column":12},"end":{"line":26,"column":3}},"6":{"start":{"line":21,"column":4},"end":{"line":25,"column":5}},"7":{"start":{"line":22,"column":6},"end":{"line":22,"column":47}},"8":{"start":{"line":24,"column":6},"end":{"line":24,"column":57}},"9":{"start":{"line":28,"column":17},"end":{"line":33,"column":3}},"10":{"start":{"line":29,"column":4},"end":{"line":29,"column":45}},"11":{"start":{"line":30,"column":22},"end":{"line":30,"column":41}},"12":{"start":{"line":31,"column":4},"end":{"line":31,"column":71}},"13":{"start":{"line":32,"column":4},"end":{"line":32,"column":31}},"14":{"start":{"line":35,"column":23},"end":{"line":39,"column":3}},"15":{"start":{"line":36,"column":4},"end":{"line":36,"column":45}},"16":{"start":{"line":37,"column":4},"end":{"line":37,"column":53}},"17":{"start":{"line":38,"column":4},"end":{"line":38,"column":31}},"18":{"start":{"line":41,"column":25},"end":{"line":45,"column":3}},"19":{"start":{"line":42,"column":4},"end":{"line":42,"column":45}},"20":{"start":{"line":43,"column":4},"end":{"line":43,"column":48}},"21":{"start":{"line":44,"column":4},"end":{"line":44,"column":31}},"22":{"start":{"line":47,"column":15},"end":{"line":51,"column":3}},"23":{"start":{"line":48,"column":4},"end":{"line":48,"column":52}},"24":{"start":{"line":49,"column":4},"end":{"line":49,"column":35}},"25":{"start":{"line":50,"column":4},"end":{"line":50,"column":31}},"26":{"start":{"line":53,"column":15},"end":{"line":57,"column":3}},"27":{"start":{"line":54,"column":4},"end":{"line":54,"column":53}},"28":{"start":{"line":55,"column":4},"end":{"line":55,"column":41}},"29":{"start":{"line":56,"column":4},"end":{"line":56,"column":31}},"30":{"start":{"line":60,"column":60},"end":{"line":60,"column":63}},"31":{"start":{"line":61,"column":4},"end":{"line":61,"column":47}},"32":{"start":{"line":62,"column":4},"end":{"line":62,"column":21}},"33":{"start":{"line":63,"column":4},"end":{"line":63,"column":29}},"34":{"start":{"line":67,"column":25},"end":{"line":67,"column":42}},"35":{"start":{"line":68,"column":4},"end":{"line":68,"column":33}},"36":{"start":{"line":72,"column":26},"end":{"line":72,"column":43}},"37":{"start":{"line":73,"column":4},"end":{"line":73,"column":35}},"38":{"start":{"line":77,"column":4},"end":{"line":77,"column":30}},"39":{"start":{"line":81,"column":4},"end":{"line":81,"column":47}},"40":{"start":{"line":85,"column":4},"end":{"line":85,"column":23}},"41":{"start":{"line":89,"column":4},"end":{"line":89,"column":21}},"42":{"start":{"line":93,"column":4},"end":{"line":93,"column":56}},"43":{"start":{"line":97,"column":4},"end":{"line":97,"column":27}},"44":{"start":{"line":101,"column":4},"end":{"line":101,"column":25}},"45":{"start":{"line":105,"column":4},"end":{"line":105,"column":51}},"46":{"start":{"line":111,"column":30},"end":{"line":122,"column":1}},"47":{"start":{"line":112,"column":18},"end":{"line":112,"column":66}},"48":{"start":{"line":114,"column":2},"end":{"line":121,"column":41}},"49":{"start":{"line":116,"column":6},"end":{"line":119,"column":8}},"50":{"start":{"line":117,"column":8},"end":{"line":118,"column":30}},"51":{"start":{"line":117,"column":58},"end":{"line":117,"column":71}},"52":{"start":{"line":118,"column":15},"end":{"line":118,"column":28}},"53":{"start":{"line":121,"column":20},"end":{"line":121,"column":39}},"54":{"start":{"line":124,"column":27},"end":{"line":130,"column":1}},"55":{"start":{"line":125,"column":19},"end":{"line":125,"column":75}},"56":{"start":{"line":126,"column":2},"end":{"line":129,"column":5}},"57":{"start":{"line":132,"column":29},"end":{"line":140,"column":1}},"58":{"start":{"line":133,"column":2},"end":{"line":139,"column":3}},"59":{"start":{"line":134,"column":4},"end":{"line":134,"column":79}},"60":{"start":{"line":135,"column":21},"end":{"line":135,"column":48}},"61":{"start":{"line":136,"column":4},"end":{"line":136,"column":21}},"62":{"start":{"line":138,"column":4},"end":{"line":138,"column":18}},"63":{"start":{"line":142,"column":37},"end":{"line":149,"column":1}},"64":{"start":{"line":143,"column":2},"end":{"line":148,"column":5}}},"fnMap":{"0":{"name":"(anonymous_0)","decl":{"start":{"line":7,"column":2},"end":{"line":7,"column":3}},"loc":{"start":{"line":7,"column":20},"end":{"line":9,"column":3}},"line":7},"1":{"name":"(anonymous_1)","decl":{"start":{"line":11,"column":15},"end":{"line":11,"column":16}},"loc":{"start":{"line":11,"column":39},"end":{"line":18,"column":3}},"line":11},"2":{"name":"(anonymous_2)","decl":{"start":{"line":20,"column":12},"end":{"line":20,"column":13}},"loc":{"start":{"line":20,"column":24},"end":{"line":26,"column":3}},"line":20},"3":{"name":"(anonymous_3)","decl":{"start":{"line":28,"column":17},"end":{"line":28,"column":18}},"loc":{"start":{"line":28,"column":45},"end":{"line":33,"column":3}},"line":28},"4":{"name":"(anonymous_4)","decl":{"start":{"line":35,"column":23},"end":{"line":35,"column":24}},"loc":{"start":{"line":35,"column":35},"end":{"line":39,"column":3}},"line":35},"5":{"name":"(anonymous_5)","decl":{"start":{"line":41,"column":25},"end":{"line":41,"column":26}},"loc":{"start":{"line":41,"column":46},"end":{"line":45,"column":3}},"line":41},"6":{"name":"(anonymous_6)","decl":{"start":{"line":47,"column":15},"end":{"line":47,"column":16}},"loc":{"start":{"line":47,"column":31},"end":{"line":51,"column":3}},"line":47},"7":{"name":"(anonymous_7)","decl":{"start":{"line":53,"column":15},"end":{"line":53,"column":16}},"loc":{"start":{"line":53,"column":35},"end":{"line":57,"column":3}},"line":53},"8":{"name":"(anonymous_8)","decl":{"start":{"line":59,"column":2},"end":{"line":59,"column":3}},"loc":{"start":{"line":59,"column":18},"end":{"line":64,"column":3}},"line":59},"9":{"name":"(anonymous_9)","decl":{"start":{"line":66,"column":2},"end":{"line":66,"column":3}},"loc":{"start":{"line":66,"column":17},"end":{"line":69,"column":3}},"line":66},"10":{"name":"(anonymous_10)","decl":{"start":{"line":71,"column":2},"end":{"line":71,"column":3}},"loc":{"start":{"line":71,"column":18},"end":{"line":74,"column":3}},"line":71},"11":{"name":"(anonymous_11)","decl":{"start":{"line":76,"column":2},"end":{"line":76,"column":3}},"loc":{"start":{"line":76,"column":26},"end":{"line":78,"column":3}},"line":76},"12":{"name":"(anonymous_12)","decl":{"start":{"line":80,"column":2},"end":{"line":80,"column":3}},"loc":{"start":{"line":80,"column":20},"end":{"line":82,"column":3}},"line":80},"13":{"name":"(anonymous_13)","decl":{"start":{"line":84,"column":2},"end":{"line":84,"column":3}},"loc":{"start":{"line":84,"column":19},"end":{"line":86,"column":3}},"line":84},"14":{"name":"(anonymous_14)","decl":{"start":{"line":88,"column":2},"end":{"line":88,"column":3}},"loc":{"start":{"line":88,"column":13},"end":{"line":90,"column":3}},"line":88},"15":{"name":"(anonymous_15)","decl":{"start":{"line":92,"column":2},"end":{"line":92,"column":3}},"loc":{"start":{"line":92,"column":19},"end":{"line":94,"column":3}},"line":92},"16":{"name":"(anonymous_16)","decl":{"start":{"line":96,"column":2},"end":{"line":96,"column":3}},"loc":{"start":{"line":96,"column":23},"end":{"line":98,"column":3}},"line":96},"17":{"name":"(anonymous_17)","decl":{"start":{"line":100,"column":2},"end":{"line":100,"column":3}},"loc":{"start":{"line":100,"column":17},"end":{"line":102,"column":3}},"line":100},"18":{"name":"(anonymous_18)","decl":{"start":{"line":104,"column":2},"end":{"line":104,"column":3}},"loc":{"start":{"line":104,"column":14},"end":{"line":106,"column":3}},"line":104},"19":{"name":"(anonymous_19)","decl":{"start":{"line":111,"column":30},"end":{"line":111,"column":31}},"loc":{"start":{"line":111,"column":68},"end":{"line":122,"column":1}},"line":111},"20":{"name":"(anonymous_20)","decl":{"start":{"line":115,"column":10},"end":{"line":115,"column":11}},"loc":{"start":{"line":115,"column":22},"end":{"line":120,"column":5}},"line":115},"21":{"name":"(anonymous_21)","decl":{"start":{"line":116,"column":27},"end":{"line":116,"column":28}},"loc":{"start":{"line":116,"column":35},"end":{"line":119,"column":7}},"line":116},"22":{"name":"(anonymous_22)","decl":{"start":{"line":121,"column":11},"end":{"line":121,"column":12}},"loc":{"start":{"line":121,"column":20},"end":{"line":121,"column":39}},"line":121},"23":{"name":"(anonymous_23)","decl":{"start":{"line":124,"column":27},"end":{"line":124,"column":28}},"loc":{"start":{"line":124,"column":43},"end":{"line":130,"column":1}},"line":124},"24":{"name":"(anonymous_24)","decl":{"start":{"line":132,"column":29},"end":{"line":132,"column":30}},"loc":{"start":{"line":132,"column":57},"end":{"line":140,"column":1}},"line":132},"25":{"name":"(anonymous_25)","decl":{"start":{"line":142,"column":37},"end":{"line":142,"column":38}},"loc":{"start":{"line":142,"column":43},"end":{"line":149,"column":1}},"line":142}},"branchMap":{"0":{"loc":{"start":{"line":28,"column":26},"end":{"line":28,"column":38}},"type":"default-arg","locations":[{"start":{"line":28,"column":34},"end":{"line":28,"column":38}}],"line":28},"1":{"loc":{"start":{"line":60,"column":33},"end":{"line":60,"column":41}},"type":"default-arg","locations":[{"start":{"line":60,"column":40},"end":{"line":60,"column":41}}],"line":60},"2":{"loc":{"start":{"line":60,"column":43},"end":{"line":60,"column":55}},"type":"default-arg","locations":[{"start":{"line":60,"column":54},"end":{"line":60,"column":55}}],"line":60},"3":{"loc":{"start":{"line":117,"column":8},"end":{"line":118,"column":30}},"type":"if","locations":[{"start":{"line":117,"column":8},"end":{"line":118,"column":30}},{"start":{"line":117,"column":8},"end":{"line":118,"column":30}}],"line":117}},"s":{"0":10,"1":10,"2":7,"3":7,"4":7,"5":10,"6":9,"7":9,"8":1,"9":10,"10":2,"11":2,"12":2,"13":2,"14":10,"15":1,"16":1,"17":1,"18":10,"19":1,"20":1,"21":1,"22":10,"23":1,"24":1,"25":1,"26":10,"27":1,"28":1,"29":1,"30":1,"31":1,"32":1,"33":1,"34":1,"35":1,"36":1,"37":1,"38":0,"39":1,"40":1,"41":3,"42":3,"43":1,"44":3,"45":1,"46":1,"47":0,"48":0,"49":0,"50":0,"51":0,"52":0,"53":0,"54":1,"55":0,"56":0,"57":1,"58":0,"59":0,"60":0,"61":0,"62":0,"63":1,"64":0},"f":{"0":10,"1":7,"2":9,"3":2,"4":1,"5":1,"6":1,"7":1,"8":1,"9":1,"10":1,"11":0,"12":1,"13":1,"14":3,"15":3,"16":1,"17":3,"18":1,"19":0,"20":0,"21":0,"22":0,"23":0,"24":0,"25":0},"b":{"0":[1],"1":[1],"2":[1],"3":[0,0]},"_coverageSchema":"43e27e138ebf9cfc5966b082cf9a028302ed4184","hash":"4e033abcbed4a874bbc7f61c01b9e66bd214f165"}
,"/Users/fabriziobertoglio/Documents/sourcecode/ReactNative/SurfApp/app/lib/data.js": {"path":"/Users/fabriziobertoglio/Documents/sourcecode/ReactNative/SurfApp/app/lib/data.js","statementMap":{"0":{"start":{"line":5,"column":4},"end":{"line":5,"column":56}},"1":{"start":{"line":6,"column":4},"end":{"line":6,"column":35}},"2":{"start":{"line":7,"column":4},"end":{"line":7,"column":52}},"3":{"start":{"line":8,"column":4},"end":{"line":8,"column":29}},"4":{"start":{"line":9,"column":4},"end":{"line":9,"column":15}},"5":{"start":{"line":13,"column":4},"end":{"line":13,"column":54}},"6":{"start":{"line":17,"column":4},"end":{"line":19,"column":5}},"7":{"start":{"line":18,"column":6},"end":{"line":18,"column":33}},"8":{"start":{"line":20,"column":4},"end":{"line":20,"column":31}},"9":{"start":{"line":24,"column":4},"end":{"line":24,"column":46}},"10":{"start":{"line":28,"column":4},"end":{"line":28,"column":30}},"11":{"start":{"line":32,"column":4},"end":{"line":34,"column":5}},"12":{"start":{"line":33,"column":6},"end":{"line":33,"column":32}},"13":{"start":{"line":35,"column":4},"end":{"line":35,"column":30}}},"fnMap":{"0":{"name":"(anonymous_0)","decl":{"start":{"line":4,"column":2},"end":{"line":4,"column":3}},"loc":{"start":{"line":4,"column":67},"end":{"line":10,"column":3}},"line":4},"1":{"name":"(anonymous_1)","decl":{"start":{"line":12,"column":2},"end":{"line":12,"column":3}},"loc":{"start":{"line":12,"column":14},"end":{"line":14,"column":3}},"line":12},"2":{"name":"(anonymous_2)","decl":{"start":{"line":16,"column":2},"end":{"line":16,"column":3}},"loc":{"start":{"line":16,"column":20},"end":{"line":21,"column":3}},"line":16},"3":{"name":"(anonymous_3)","decl":{"start":{"line":23,"column":2},"end":{"line":23,"column":3}},"loc":{"start":{"line":23,"column":20},"end":{"line":25,"column":3}},"line":23},"4":{"name":"(anonymous_4)","decl":{"start":{"line":27,"column":2},"end":{"line":27,"column":3}},"loc":{"start":{"line":27,"column":13},"end":{"line":29,"column":3}},"line":27},"5":{"name":"(anonymous_5)","decl":{"start":{"line":31,"column":2},"end":{"line":31,"column":3}},"loc":{"start":{"line":31,"column":18},"end":{"line":36,"column":3}},"line":31}},"branchMap":{"0":{"loc":{"start":{"line":17,"column":4},"end":{"line":19,"column":5}},"type":"if","locations":[{"start":{"line":17,"column":4},"end":{"line":19,"column":5}},{"start":{"line":17,"column":4},"end":{"line":19,"column":5}}],"line":17},"1":{"loc":{"start":{"line":32,"column":4},"end":{"line":34,"column":5}},"type":"if","locations":[{"start":{"line":32,"column":4},"end":{"line":34,"column":5}},{"start":{"line":32,"column":4},"end":{"line":34,"column":5}}],"line":32}},"s":{"0":2,"1":2,"2":2,"3":2,"4":2,"5":0,"6":1,"7":1,"8":0,"9":0,"10":0,"11":0,"12":0,"13":0},"f":{"0":2,"1":0,"2":1,"3":0,"4":0,"5":0},"b":{"0":[1,0],"1":[0,0]},"_coverageSchema":"43e27e138ebf9cfc5966b082cf9a028302ed4184","hash":"8e820f8194b7f88504b77981e2cc3e59db64ca28"}
,"/Users/fabriziobertoglio/Documents/sourcecode/ReactNative/SurfApp/app/lib/date_helper.js": {"path":"/Users/fabriziobertoglio/Documents/sourcecode/ReactNative/SurfApp/app/lib/date_helper.js","statementMap":{"0":{"start":{"line":3,"column":4},"end":{"line":3,"column":51}},"1":{"start":{"line":3,"column":27},"end":{"line":3,"column":49}},"2":{"start":{"line":4,"column":4},"end":{"line":4,"column":51}},"3":{"start":{"line":4,"column":27},"end":{"line":4,"column":49}},"4":{"start":{"line":5,"column":4},"end":{"line":5,"column":47}},"5":{"start":{"line":5,"column":25},"end":{"line":5,"column":45}},"6":{"start":{"line":6,"column":4},"end":{"line":6,"column":45}},"7":{"start":{"line":6,"column":24},"end":{"line":6,"column":43}},"8":{"start":{"line":7,"column":4},"end":{"line":7,"column":49}},"9":{"start":{"line":7,"column":26},"end":{"line":7,"column":47}},"10":{"start":{"line":12,"column":2},"end":{"line":12,"column":31}},"11":{"start":{"line":16,"column":2},"end":{"line":16,"column":31}},"12":{"start":{"line":19,"column":2},"end":{"line":19,"column":29}},"13":{"start":{"line":22,"column":4},"end":{"line":22,"column":30}},"14":{"start":{"line":25,"column":4},"end":{"line":25,"column":37}},"15":{"start":{"line":28,"column":4},"end":{"line":28,"column":28}},"16":{"start":{"line":31,"column":4},"end":{"line":31,"column":32}},"17":{"start":{"line":34,"column":4},"end":{"line":34,"column":30}},"18":{"start":{"line":37,"column":4},"end":{"line":37,"column":29}},"19":{"start":{"line":40,"column":4},"end":{"line":40,"column":31}},"20":{"start":{"line":43,"column":25},"end":{"line":43,"column":44}},"21":{"start":{"line":44,"column":4},"end":{"line":44,"column":40}},"22":{"start":{"line":47,"column":2},"end":{"line":47,"column":36}},"23":{"start":{"line":50,"column":2},"end":{"line":50,"column":36}},"24":{"start":{"line":53,"column":4},"end":{"line":53,"column":36}},"25":{"start":{"line":56,"column":4},"end":{"line":56,"column":35}},"26":{"start":{"line":59,"column":4},"end":{"line":59,"column":31}}},"fnMap":{"0":{"name":"(anonymous_0)","decl":{"start":{"line":2,"column":2},"end":{"line":2,"column":3}},"loc":{"start":{"line":2,"column":17},"end":{"line":9,"column":3}},"line":2},"1":{"name":"(anonymous_1)","decl":{"start":{"line":11,"column":2},"end":{"line":11,"column":3}},"loc":{"start":{"line":11,"column":19},"end":{"line":13,"column":3}},"line":11},"2":{"name":"(anonymous_2)","decl":{"start":{"line":15,"column":1},"end":{"line":15,"column":2}},"loc":{"start":{"line":15,"column":18},"end":{"line":17,"column":3}},"line":15},"3":{"name":"(anonymous_3)","decl":{"start":{"line":18,"column":1},"end":{"line":18,"column":2}},"loc":{"start":{"line":18,"column":16},"end":{"line":20,"column":3}},"line":18},"4":{"name":"(anonymous_4)","decl":{"start":{"line":21,"column":2},"end":{"line":21,"column":3}},"loc":{"start":{"line":21,"column":16},"end":{"line":23,"column":3}},"line":21},"5":{"name":"(anonymous_5)","decl":{"start":{"line":24,"column":2},"end":{"line":24,"column":3}},"loc":{"start":{"line":24,"column":18},"end":{"line":26,"column":3}},"line":24},"6":{"name":"(anonymous_6)","decl":{"start":{"line":27,"column":2},"end":{"line":27,"column":3}},"loc":{"start":{"line":27,"column":19},"end":{"line":29,"column":3}},"line":27},"7":{"name":"(anonymous_7)","decl":{"start":{"line":30,"column":2},"end":{"line":30,"column":3}},"loc":{"start":{"line":30,"column":19},"end":{"line":32,"column":3}},"line":30},"8":{"name":"(anonymous_8)","decl":{"start":{"line":33,"column":2},"end":{"line":33,"column":3}},"loc":{"start":{"line":33,"column":17},"end":{"line":35,"column":3}},"line":33},"9":{"name":"(anonymous_9)","decl":{"start":{"line":36,"column":2},"end":{"line":36,"column":3}},"loc":{"start":{"line":36,"column":16},"end":{"line":38,"column":3}},"line":36},"10":{"name":"(anonymous_10)","decl":{"start":{"line":39,"column":2},"end":{"line":39,"column":3}},"loc":{"start":{"line":39,"column":18},"end":{"line":41,"column":3}},"line":39},"11":{"name":"(anonymous_11)","decl":{"start":{"line":42,"column":2},"end":{"line":42,"column":3}},"loc":{"start":{"line":42,"column":16},"end":{"line":45,"column":3}},"line":42},"12":{"name":"(anonymous_12)","decl":{"start":{"line":46,"column":1},"end":{"line":46,"column":2}},"loc":{"start":{"line":46,"column":15},"end":{"line":48,"column":3}},"line":46},"13":{"name":"(anonymous_13)","decl":{"start":{"line":49,"column":1},"end":{"line":49,"column":2}},"loc":{"start":{"line":49,"column":13},"end":{"line":51,"column":3}},"line":49},"14":{"name":"(anonymous_14)","decl":{"start":{"line":52,"column":2},"end":{"line":52,"column":3}},"loc":{"start":{"line":52,"column":13},"end":{"line":54,"column":3}},"line":52},"15":{"name":"(anonymous_15)","decl":{"start":{"line":55,"column":2},"end":{"line":55,"column":3}},"loc":{"start":{"line":55,"column":15},"end":{"line":57,"column":3}},"line":55},"16":{"name":"(anonymous_16)","decl":{"start":{"line":58,"column":2},"end":{"line":58,"column":3}},"loc":{"start":{"line":58,"column":16},"end":{"line":60,"column":3}},"line":58}},"branchMap":{"0":{"loc":{"start":{"line":3,"column":4},"end":{"line":3,"column":51}},"type":"if","locations":[{"start":{"line":3,"column":4},"end":{"line":3,"column":51}},{"start":{"line":3,"column":4},"end":{"line":3,"column":51}}],"line":3},"1":{"loc":{"start":{"line":4,"column":4},"end":{"line":4,"column":51}},"type":"if","locations":[{"start":{"line":4,"column":4},"end":{"line":4,"column":51}},{"start":{"line":4,"column":4},"end":{"line":4,"column":51}}],"line":4},"2":{"loc":{"start":{"line":5,"column":4},"end":{"line":5,"column":47}},"type":"if","locations":[{"start":{"line":5,"column":4},"end":{"line":5,"column":47}},{"start":{"line":5,"column":4},"end":{"line":5,"column":47}}],"line":5},"3":{"loc":{"start":{"line":6,"column":4},"end":{"line":6,"column":45}},"type":"if","locations":[{"start":{"line":6,"column":4},"end":{"line":6,"column":45}},{"start":{"line":6,"column":4},"end":{"line":6,"column":45}}],"line":6},"4":{"loc":{"start":{"line":7,"column":4},"end":{"line":7,"column":49}},"type":"if","locations":[{"start":{"line":7,"column":4},"end":{"line":7,"column":49}},{"start":{"line":7,"column":4},"end":{"line":7,"column":49}}],"line":7}},"s":{"0":0,"1":0,"2":0,"3":0,"4":0,"5":0,"6":0,"7":0,"8":0,"9":0,"10":0,"11":0,"12":0,"13":0,"14":0,"15":0,"16":0,"17":0,"18":0,"19":0,"20":0,"21":0,"22":0,"23":0,"24":0,"25":0,"26":0},"f":{"0":0,"1":0,"2":0,"3":0,"4":0,"5":0,"6":0,"7":0,"8":0,"9":0,"10":0,"11":0,"12":0,"13":0,"14":0,"15":0,"16":0},"b":{"0":[0,0],"1":[0,0],"2":[0,0],"3":[0,0],"4":[0,0]},"_coverageSchema":"43e27e138ebf9cfc5966b082cf9a028302ed4184","hash":"0fd2b112b49f47ed826c1bbbd733f89a87dc1929"}
,"/Users/fabriziobertoglio/Documents/sourcecode/ReactNative/SurfApp/app/lib/support.js": {"path":"/Users/fabriziobertoglio/Documents/sourcecode/ReactNative/SurfApp/app/lib/support.js","statementMap":{"0":{"start":{"line":6,"column":17},"end":{"line":6,"column":38}},"1":{"start":{"line":7,"column":15},"end":{"line":7,"column":52}},"2":{"start":{"line":8,"column":2},"end":{"line":8,"column":13}},"3":{"start":{"line":11,"column":28},"end":{"line":11,"column":70}},"4":{"start":{"line":12,"column":31},"end":{"line":12,"column":81}},"5":{"start":{"line":13,"column":28},"end":{"line":13,"column":86}},"6":{"start":{"line":14,"column":23},"end":{"line":14,"column":91}},"7":{"start":{"line":16,"column":22},"end":{"line":24,"column":1}},"8":{"start":{"line":17,"column":2},"end":{"line":23,"column":4}},"9":{"start":{"line":18,"column":18},"end":{"line":18,"column":43}},"10":{"start":{"line":26,"column":30},"end":{"line":29,"column":1}},"11":{"start":{"line":27,"column":16},"end":{"line":27,"column":48}},"12":{"start":{"line":28,"column":2},"end":{"line":28,"column":14}},"13":{"start":{"line":35,"column":30},"end":{"line":41,"column":1}},"14":{"start":{"line":36,"column":20},"end":{"line":39,"column":3}},"15":{"start":{"line":40,"column":2},"end":{"line":40,"column":20}},"16":{"start":{"line":43,"column":25},"end":{"line":56,"column":1}},"17":{"start":{"line":44,"column":12},"end":{"line":44,"column":14}},"18":{"start":{"line":46,"column":2},"end":{"line":54,"column":3}},"19":{"start":{"line":47,"column":4},"end":{"line":53,"column":5}},"20":{"start":{"line":48,"column":14},"end":{"line":48,"column":49}},"21":{"start":{"line":49,"column":12},"end":{"line":49,"column":18}},"22":{"start":{"line":50,"column":6},"end":{"line":52,"column":21}},"23":{"start":{"line":55,"column":2},"end":{"line":55,"column":23}},"24":{"start":{"line":59,"column":2},"end":{"line":59,"column":76}},"25":{"start":{"line":62,"column":24},"end":{"line":68,"column":1}},"26":{"start":{"line":63,"column":22},"end":{"line":66,"column":3}},"27":{"start":{"line":67,"column":2},"end":{"line":67,"column":26}}},"fnMap":{"0":{"name":"platformIcon","decl":{"start":{"line":5,"column":16},"end":{"line":5,"column":28}},"loc":{"start":{"line":5,"column":35},"end":{"line":9,"column":1}},"line":5},"1":{"name":"(anonymous_1)","decl":{"start":{"line":16,"column":22},"end":{"line":16,"column":23}},"loc":{"start":{"line":16,"column":42},"end":{"line":24,"column":1}},"line":16},"2":{"name":"(anonymous_2)","decl":{"start":{"line":18,"column":4},"end":{"line":18,"column":5}},"loc":{"start":{"line":18,"column":18},"end":{"line":18,"column":43}},"line":18},"3":{"name":"(anonymous_3)","decl":{"start":{"line":19,"column":4},"end":{"line":19,"column":5}},"loc":{"start":{"line":19,"column":15},"end":{"line":21,"column":5}},"line":19},"4":{"name":"(anonymous_4)","decl":{"start":{"line":26,"column":30},"end":{"line":26,"column":31}},"loc":{"start":{"line":26,"column":46},"end":{"line":29,"column":1}},"line":26},"5":{"name":"errorMessage","decl":{"start":{"line":31,"column":16},"end":{"line":31,"column":28}},"loc":{"start":{"line":31,"column":36},"end":{"line":33,"column":1}},"line":31},"6":{"name":"(anonymous_6)","decl":{"start":{"line":35,"column":30},"end":{"line":35,"column":31}},"loc":{"start":{"line":35,"column":42},"end":{"line":41,"column":1}},"line":35},"7":{"name":"(anonymous_7)","decl":{"start":{"line":43,"column":25},"end":{"line":43,"column":26}},"loc":{"start":{"line":43,"column":42},"end":{"line":56,"column":1}},"line":43},"8":{"name":"isPresent","decl":{"start":{"line":58,"column":16},"end":{"line":58,"column":25}},"loc":{"start":{"line":58,"column":31},"end":{"line":60,"column":1}},"line":58},"9":{"name":"(anonymous_9)","decl":{"start":{"line":62,"column":24},"end":{"line":62,"column":25}},"loc":{"start":{"line":62,"column":33},"end":{"line":68,"column":1}},"line":62}},"branchMap":{"0":{"loc":{"start":{"line":7,"column":15},"end":{"line":7,"column":52}},"type":"cond-expr","locations":[{"start":{"line":7,"column":24},"end":{"line":7,"column":37}},{"start":{"line":7,"column":40},"end":{"line":7,"column":52}}],"line":7},"1":{"loc":{"start":{"line":47,"column":4},"end":{"line":53,"column":5}},"type":"if","locations":[{"start":{"line":47,"column":4},"end":{"line":53,"column":5}},{"start":{"line":47,"column":4},"end":{"line":53,"column":5}}],"line":47},"2":{"loc":{"start":{"line":48,"column":14},"end":{"line":48,"column":49}},"type":"cond-expr","locations":[{"start":{"line":48,"column":23},"end":{"line":48,"column":45}},{"start":{"line":48,"column":48},"end":{"line":48,"column":49}}],"line":48},"3":{"loc":{"start":{"line":50,"column":15},"end":{"line":52,"column":19}},"type":"cond-expr","locations":[{"start":{"line":51,"column":8},"end":{"line":51,"column":23}},{"start":{"line":52,"column":8},"end":{"line":52,"column":19}}],"line":50},"4":{"loc":{"start":{"line":50,"column":16},"end":{"line":50,"column":51}},"type":"binary-expr","locations":[{"start":{"line":50,"column":16},"end":{"line":50,"column":26}},{"start":{"line":50,"column":30},"end":{"line":50,"column":51}}],"line":50},"5":{"loc":{"start":{"line":59,"column":12},"end":{"line":59,"column":74}},"type":"binary-expr","locations":[{"start":{"line":59,"column":12},"end":{"line":59,"column":44}},{"start":{"line":59,"column":48},"end":{"line":59,"column":74}}],"line":59}},"s":{"0":0,"1":0,"2":0,"3":1,"4":1,"5":1,"6":1,"7":1,"8":0,"9":0,"10":1,"11":0,"12":0,"13":1,"14":0,"15":0,"16":1,"17":0,"18":0,"19":0,"20":0,"21":0,"22":0,"23":0,"24":0,"25":1,"26":0,"27":0},"f":{"0":0,"1":0,"2":0,"3":0,"4":0,"5":0,"6":0,"7":0,"8":0,"9":0},"b":{"0":[0,0],"1":[0,0],"2":[0,0],"3":[0,0],"4":[0,0],"5":[0,0]},"_coverageSchema":"43e27e138ebf9cfc5966b082cf9a028302ed4184","hash":"4fbeca8a18c9664d5d70e2aecb04a35487affeca"}
,"/Users/fabriziobertoglio/Documents/sourcecode/ReactNative/SurfApp/app/lib/unit.js": {"path":"/Users/fabriziobertoglio/Documents/sourcecode/ReactNative/SurfApp/app/lib/unit.js","statementMap":{"0":{"start":{"line":3,"column":4},"end":{"line":3,"column":23}},"1":{"start":{"line":7,"column":4},"end":{"line":7,"column":29}},"2":{"start":{"line":11,"column":4},"end":{"line":11,"column":40}},"3":{"start":{"line":15,"column":4},"end":{"line":15,"column":42}},"4":{"start":{"line":19,"column":4},"end":{"line":19,"column":42}},"5":{"start":{"line":23,"column":4},"end":{"line":23,"column":34}},"6":{"start":{"line":27,"column":4},"end":{"line":27,"column":42}}},"fnMap":{"0":{"name":"(anonymous_0)","decl":{"start":{"line":2,"column":2},"end":{"line":2,"column":3}},"loc":{"start":{"line":2,"column":25},"end":{"line":4,"column":3}},"line":2},"1":{"name":"(anonymous_1)","decl":{"start":{"line":6,"column":2},"end":{"line":6,"column":3}},"loc":{"start":{"line":6,"column":14},"end":{"line":8,"column":3}},"line":6},"2":{"name":"(anonymous_2)","decl":{"start":{"line":10,"column":2},"end":{"line":10,"column":3}},"loc":{"start":{"line":10,"column":11},"end":{"line":12,"column":3}},"line":10},"3":{"name":"(anonymous_3)","decl":{"start":{"line":14,"column":2},"end":{"line":14,"column":3}},"loc":{"start":{"line":14,"column":11},"end":{"line":16,"column":3}},"line":14},"4":{"name":"(anonymous_4)","decl":{"start":{"line":18,"column":2},"end":{"line":18,"column":3}},"loc":{"start":{"line":18,"column":12},"end":{"line":20,"column":3}},"line":18},"5":{"name":"(anonymous_5)","decl":{"start":{"line":22,"column":2},"end":{"line":22,"column":3}},"loc":{"start":{"line":22,"column":15},"end":{"line":24,"column":3}},"line":22},"6":{"name":"(anonymous_6)","decl":{"start":{"line":26,"column":2},"end":{"line":26,"column":3}},"loc":{"start":{"line":26,"column":12},"end":{"line":28,"column":3}},"line":26}},"branchMap":{},"s":{"0":1,"1":1,"2":0,"3":0,"4":0,"5":0,"6":0},"f":{"0":1,"1":1,"2":0,"3":0,"4":0,"5":0,"6":0},"b":{},"_coverageSchema":"43e27e138ebf9cfc5966b082cf9a028302ed4184","hash":"66a1833dfccfde3e5e959f178ef61cb8924807e8"}
}
