TN:
SF:/Users/fabriziobertoglio/Documents/sourcecode/ReactNative/SurfApp/app/components/buttons/FlagButton.js
FN:5,FlagButton
FNF:1
FNH:0
FNDA:0,FlagButton
DA:6,0
DA:20,1
LF:2
LH:1
BRF:0
BRH:0
end_of_record
TN:
SF:/Users/fabriziobertoglio/Documents/sourcecode/ReactNative/SurfApp/app/components/buttons/MenuButton.js
FN:6,(anonymous_0)
FNF:1
FNH:1
FNDA:2,(anonymous_0)
DA:7,2
DA:8,2
DA:22,1
LF:3
LH:3
BRF:0
BRH:0
end_of_record
TN:
SF:/Users/fabriziobertoglio/Documents/sourcecode/ReactNative/SurfApp/app/components/forecast/Swell.js
FN:6,(anonymous_0)
FNF:1
FNH:1
FNDA:2,(anonymous_0)
DA:7,2
DA:8,2
LF:2
LH:2
BRF:0
BRH:0
end_of_record
TN:
SF:/Users/fabriziobertoglio/Documents/sourcecode/ReactNative/SurfApp/app/components/forecast/Wind.js
FN:7,(anonymous_0)
FNF:1
FNH:1
FNDA:2,(anonymous_0)
DA:8,2
DA:9,2
LF:2
LH:2
BRF:0
BRH:0
end_of_record
TN:
SF:/Users/fabriziobertoglio/Documents/sourcecode/ReactNative/SurfApp/app/components/forecast/styles.js
FNF:0
FNH:0
DA:3,2
LF:1
LH:1
BRF:0
BRH:0
end_of_record
TN:
SF:/Users/fabriziobertoglio/Documents/sourcecode/ReactNative/SurfApp/app/components/icons/Arrow.js
FN:5,(anonymous_0)
FNF:1
FNH:0
FNDA:0,(anonymous_0)
DA:6,0
DA:7,0
DA:8,0
DA:9,0
DA:10,0
DA:11,0
DA:24,1
LF:7
LH:1
BRDA:9,0,0,0
BRDA:9,0,1,0
BRDA:10,1,0,0
BRDA:10,1,1,0
BRF:4
BRH:0
end_of_record
TN:
SF:/Users/fabriziobertoglio/Documents/sourcecode/ReactNative/SurfApp/app/components/index/Hourly.js
FN:17,(anonymous_0)
FN:22,(anonymous_1)
FN:27,(anonymous_2)
FN:48,(anonymous_3)
FNF:4
FNH:3
FNDA:3,(anonymous_0)
FNDA:0,(anonymous_1)
FNDA:1,(anonymous_2)
FNDA:3,(anonymous_3)
DA:12,1
DA:18,3
DA:19,3
DA:22,3
DA:23,0
DA:24,0
DA:28,1
DA:49,3
DA:50,3
DA:51,3
DA:52,3
DA:53,3
DA:54,3
DA:55,3
DA:57,3
DA:79,1
DA:80,1
LF:17
LH:15
BRDA:52,0,0,0
BRDA:52,0,1,3
BRDA:72,1,0,3
BRDA:72,1,1,1
BRDA:83,2,0,0
BRDA:83,2,1,1
BRF:6
BRH:4
end_of_record
TN:
SF:/Users/fabriziobertoglio/Documents/sourcecode/ReactNative/SurfApp/app/lib/api.js
FN:7,(anonymous_0)
FN:11,(anonymous_1)
FN:20,(anonymous_2)
FN:28,(anonymous_3)
FN:35,(anonymous_4)
FN:41,(anonymous_5)
FN:47,(anonymous_6)
FN:53,(anonymous_7)
FN:59,(anonymous_8)
FN:66,(anonymous_9)
FN:71,(anonymous_10)
FN:76,(anonymous_11)
FN:80,(anonymous_12)
FN:84,(anonymous_13)
FN:88,(anonymous_14)
FN:92,(anonymous_15)
FN:96,(anonymous_16)
FN:100,(anonymous_17)
FN:104,(anonymous_18)
FN:111,(anonymous_19)
FN:115,(anonymous_20)
FN:116,(anonymous_21)
FN:121,(anonymous_22)
FN:124,(anonymous_23)
FN:132,(anonymous_24)
FN:142,(anonymous_25)
FNF:26
FNH:9
FNDA:6,(anonymous_0)
FNDA:2,(anonymous_1)
FNDA:4,(anonymous_2)
FNDA:2,(anonymous_3)
FNDA:0,(anonymous_4)
FNDA:0,(anonymous_5)
FNDA:0,(anonymous_6)
FNDA:0,(anonymous_7)
FNDA:0,(anonymous_8)
FNDA:0,(anonymous_9)
FNDA:0,(anonymous_10)
FNDA:0,(anonymous_11)
FNDA:0,(anonymous_12)
FNDA:1,(anonymous_13)
FNDA:1,(anonymous_14)
FNDA:1,(anonymous_15)
FNDA:1,(anonymous_16)
FNDA:1,(anonymous_17)
FNDA:0,(anonymous_18)
FNDA:0,(anonymous_19)
FNDA:0,(anonymous_20)
FNDA:0,(anonymous_21)
FNDA:0,(anonymous_22)
FNDA:0,(anonymous_23)
FNDA:0,(anonymous_24)
FNDA:0,(anonymous_25)
DA:8,6
DA:11,6
DA:12,2
DA:13,2
DA:17,2
DA:20,6
DA:21,4
DA:22,4
DA:24,1
DA:28,6
DA:29,2
DA:30,2
DA:31,1
DA:32,1
DA:35,6
DA:36,0
DA:37,0
DA:38,0
DA:41,6
DA:42,0
DA:43,0
DA:44,0
DA:47,6
DA:48,0
DA:49,0
DA:50,0
DA:53,6
DA:54,0
DA:55,0
DA:56,0
DA:60,0
DA:61,0
DA:62,0
DA:63,0
DA:67,0
DA:68,0
DA:72,0
DA:73,0
DA:77,0
DA:81,0
DA:85,1
DA:89,1
DA:93,1
DA:97,1
DA:101,1
DA:105,0
DA:111,1
DA:112,0
DA:114,0
DA:116,0
DA:117,0
DA:118,0
DA:121,0
DA:124,1
DA:125,0
DA:126,0
DA:132,1
DA:133,0
DA:134,0
DA:135,0
DA:136,0
DA:138,0
DA:142,1
DA:143,0
LF:64
LH:27
BRDA:28,0,0,1
BRDA:60,1,0,0
BRDA:60,2,0,0
BRDA:117,3,0,0
BRDA:117,3,1,0
BRF:5
BRH:1
end_of_record
TN:
SF:/Users/fabriziobertoglio/Documents/sourcecode/ReactNative/SurfApp/app/lib/data.js
FN:4,(anonymous_0)
FN:12,(anonymous_1)
FN:16,(anonymous_2)
FN:23,(anonymous_3)
FN:27,(anonymous_4)
FN:31,(anonymous_5)
FNF:6
FNH:2
FNDA:2,(anonymous_0)
FNDA:0,(anonymous_1)
FNDA:1,(anonymous_2)
FNDA:0,(anonymous_3)
FNDA:0,(anonymous_4)
FNDA:0,(anonymous_5)
DA:5,2
DA:6,2
DA:7,2
DA:8,2
DA:9,2
DA:13,0
DA:17,1
DA:18,1
DA:20,0
DA:24,0
DA:28,0
DA:32,0
DA:33,0
DA:35,0
LF:14
LH:7
BRDA:17,0,0,1
BRDA:17,0,1,0
BRDA:32,1,0,0
BRDA:32,1,1,0
BRF:4
BRH:1
end_of_record
TN:
SF:/Users/fabriziobertoglio/Documents/sourcecode/ReactNative/SurfApp/app/lib/date_helper.js
FN:2,(anonymous_0)
FN:11,(anonymous_1)
FN:15,(anonymous_2)
FN:18,(anonymous_3)
FN:21,(anonymous_4)
FN:24,(anonymous_5)
FN:27,(anonymous_6)
FN:30,(anonymous_7)
FN:33,(anonymous_8)
FN:36,(anonymous_9)
FN:39,(anonymous_10)
FN:42,(anonymous_11)
FN:46,(anonymous_12)
FN:49,(anonymous_13)
FN:52,(anonymous_14)
FN:55,(anonymous_15)
FN:58,(anonymous_16)
FNF:17
FNH:0
FNDA:0,(anonymous_0)
FNDA:0,(anonymous_1)
FNDA:0,(anonymous_2)
FNDA:0,(anonymous_3)
FNDA:0,(anonymous_4)
FNDA:0,(anonymous_5)
FNDA:0,(anonymous_6)
FNDA:0,(anonymous_7)
FNDA:0,(anonymous_8)
FNDA:0,(anonymous_9)
FNDA:0,(anonymous_10)
FNDA:0,(anonymous_11)
FNDA:0,(anonymous_12)
FNDA:0,(anonymous_13)
FNDA:0,(anonymous_14)
FNDA:0,(anonymous_15)
FNDA:0,(anonymous_16)
DA:3,0
DA:4,0
DA:5,0
DA:6,0
DA:7,0
DA:12,0
DA:16,0
DA:19,0
DA:22,0
DA:25,0
DA:28,0
DA:31,0
DA:34,0
DA:37,0
DA:40,0
DA:43,0
DA:44,0
DA:47,0
DA:50,0
DA:53,0
DA:56,0
DA:59,0
LF:22
LH:0
BRDA:3,0,0,0
BRDA:3,0,1,0
BRDA:4,1,0,0
BRDA:4,1,1,0
BRDA:5,2,0,0
BRDA:5,2,1,0
BRDA:6,3,0,0
BRDA:6,3,1,0
BRDA:7,4,0,0
BRDA:7,4,1,0
BRF:10
BRH:0
end_of_record
TN:
SF:/Users/fabriziobertoglio/Documents/sourcecode/ReactNative/SurfApp/app/lib/support.js
FN:5,platformIcon
FN:16,(anonymous_1)
FN:18,(anonymous_2)
FN:19,(anonymous_3)
FN:26,(anonymous_4)
FN:31,errorMessage
FN:35,(anonymous_6)
FN:43,(anonymous_7)
FN:58,isPresent
FN:62,(anonymous_9)
FNF:10
FNH:0
FNDA:0,platformIcon
FNDA:0,(anonymous_1)
FNDA:0,(anonymous_2)
FNDA:0,(anonymous_3)
FNDA:0,(anonymous_4)
FNDA:0,errorMessage
FNDA:0,(anonymous_6)
FNDA:0,(anonymous_7)
FNDA:0,isPresent
FNDA:0,(anonymous_9)
DA:6,0
DA:7,0
DA:8,0
DA:11,1
DA:12,1
DA:13,1
DA:14,1
DA:16,1
DA:17,0
DA:18,0
DA:26,1
DA:27,0
DA:28,0
DA:35,1
DA:36,0
DA:40,0
DA:43,1
DA:44,0
DA:46,0
DA:47,0
DA:48,0
DA:49,0
DA:50,0
DA:55,0
DA:59,0
DA:62,1
DA:63,0
DA:67,0
LF:28
LH:9
BRDA:7,0,0,0
BRDA:7,0,1,0
BRDA:47,1,0,0
BRDA:47,1,1,0
BRDA:48,2,0,0
BRDA:48,2,1,0
BRDA:50,3,0,0
BRDA:50,3,1,0
BRDA:50,4,0,0
BRDA:50,4,1,0
BRDA:59,5,0,0
BRDA:59,5,1,0
BRF:12
BRH:0
end_of_record
TN:
SF:/Users/fabriziobertoglio/Documents/sourcecode/ReactNative/SurfApp/app/lib/unit.js
FN:2,(anonymous_0)
FN:6,(anonymous_1)
FN:10,(anonymous_2)
FN:14,(anonymous_3)
FN:18,(anonymous_4)
FN:22,(anonymous_5)
FN:26,(anonymous_6)
FNF:7
FNH:2
FNDA:1,(anonymous_0)
FNDA:1,(anonymous_1)
FNDA:0,(anonymous_2)
FNDA:0,(anonymous_3)
FNDA:0,(anonymous_4)
FNDA:0,(anonymous_5)
FNDA:0,(anonymous_6)
DA:3,1
DA:7,1
DA:11,0
DA:15,0
DA:19,0
DA:23,0
DA:27,0
LF:7
LH:2
BRF:0
BRH:0
end_of_record
